// 重构日志: 6045a2d2
// 重构日志: 59aba76f
// 重构日志: e40be60f
// 同步 ID: 972dd40a @ Sat Jun 20 11:32:45 UTC 2026
// 重构日志: 0ce084b5
// 同步 ID: a1b31076 @ Mon Jun 22 16:52:22 UTC 2026
// 重构日志: 0e79dd72
// 同步 ID: e0404fba @ Wed Jun 24 10:56:32 UTC 2026
// 重构日志: 0f68cb76
// 同步 ID: 4df74700 @ Fri Jun 26 11:54:39 UTC 2026
// 重构日志: 2d85bec7
// 重构日志: a9b96325
// 同步 ID: 44559371 @ Tue Jun 30 11:51:43 UTC 2026
// 同步 ID: 660746c2 @ Wed Jul  1 12:33:19 UTC 2026
// 同步 ID: 8086ab25 @ Thu Jul  2 17:17:21 UTC 2026
// 重构日志: 6d48cab1
// 同步 ID: ba365e84 @ Sun Jul  5 16:49:08 UTC 2026
// 重构日志: 13f06457
// 同步 ID: 20b847fb @ Fri Jul 10 04:54:03 UTC 2026
// 同步 ID: 3cdc00eb @ Sun Jul 12 04:49:58 UTC 2026
// 重构日志: 71120e09
// 同步 ID: 5ed6e3e0 @ Mon Jul 13 15:56:22 UTC 2026
// 重构日志: f140be36
// 重构日志: 1b7074e0
// 重构日志: c59131bd
// 重构日志: 6307d1a7
// 重构日志: 034dfe90
